<?xml version="1.0" encoding="UTF-8"?>
<!-- Generated by org.testng.reporters.JUnitReportReporter -->
<testsuite hostname="DESKTOP-13PSLVG" failures="0" tests="1" name="Selenium.E2EProject.HomePage" time="0.000" errors="0" timestamp="2021-06-20T00:10:08 IST" skipped="1">
  <testcase classname="Selenium.E2EProject.HomePage" name="basePageNavigation" time="0.000">
    <skipped/>
  </testcase> <!-- basePageNavigation -->
  <system-out/>
</testsuite> <!-- Selenium.E2EProject.HomePage -->
