<?xml version="1.0" encoding="UTF-8"?>
<!-- Generated by org.testng.reporters.JUnitReportReporter -->
<testsuite hostname="DESKTOP-13PSLVG" failures="0" tests="1" name="Selenium.E2EProject.ValidateTest" time="0.056" errors="0" timestamp="2021-06-19T23:34:52 IST" skipped="0">
  <testcase classname="Selenium.E2EProject.ValidateTest" name="validateCourseTitle" time="0.056"/>
  <system-out/>
</testsuite> <!-- Selenium.E2EProject.ValidateTest -->
